CRITICAL - 2025-01-14 12:16:32 --> ErrorException: Declaration of CodeIgniter\I18n\TimeTrait::createFromTimestamp(int $timestamp, $timezone = null, ?string $locale = null) must be compatible with DateTimeImmutable::createFromTimestamp(int|float $timestamp): CodeIgniter\Autoloader\Autoloader
[Method: GET, Route: /]
in SYSTEMPATH/I18n/TimeTrait.php on line 268.
 1 [internal function]: CodeIgniter\Debug\Exceptions->shutdownHandler()
CRITICAL - 2025-01-14 12:33:12 --> ErrorException: Declaration of CodeIgniter\I18n\TimeTrait::createFromTimestamp(int $timestamp, $timezone = null, ?string $locale = null) must be compatible with DateTimeImmutable::createFromTimestamp(int|float $timestamp): CodeIgniter\Autoloader\Autoloader
[Method: GET, Route: /]
in SYSTEMPATH/I18n/TimeTrait.php on line 268.
 1 [internal function]: CodeIgniter\Debug\Exceptions->shutdownHandler()
CRITICAL - 2025-01-14 12:33:15 --> ErrorException: Declaration of CodeIgniter\I18n\TimeTrait::createFromTimestamp(int $timestamp, $timezone = null, ?string $locale = null) must be compatible with DateTimeImmutable::createFromTimestamp(int|float $timestamp): CodeIgniter\Autoloader\Autoloader
[Method: GET, Route: /]
in SYSTEMPATH/I18n/TimeTrait.php on line 268.
 1 [internal function]: CodeIgniter\Debug\Exceptions->shutdownHandler()
CRITICAL - 2025-01-14 12:34:14 --> ErrorException: Declaration of CodeIgniter\I18n\TimeTrait::createFromTimestamp(int $timestamp, $timezone = null, ?string $locale = null) must be compatible with DateTimeImmutable::createFromTimestamp(int|float $timestamp): CodeIgniter\Autoloader\Autoloader
[Method: GET, Route: /]
in SYSTEMPATH/I18n/TimeTrait.php on line 268.
 1 [internal function]: CodeIgniter\Debug\Exceptions->shutdownHandler()
CRITICAL - 2025-01-14 12:53:41 --> CodeIgniter\View\Exceptions\ViewException: Invalid file: "Auth/login.php"
[Method: GET, Route: /]
in SYSTEMPATH/Exceptions/FrameworkException.php on line 41.
 1 SYSTEMPATH/View/View.php(222): CodeIgniter\Exceptions\FrameworkException::forInvalidFile('Auth/login.php')
 2 SYSTEMPATH/Common.php(1171): CodeIgniter\View\View->render('Auth/login', [], true)
 3 APPPATH/Controllers/Auth.php(12): view('Auth/login', [...])
 4 SYSTEMPATH/CodeIgniter.php(933): App\Controllers\Auth->index()
 5 SYSTEMPATH/CodeIgniter.php(509): CodeIgniter\CodeIgniter->runController(Object(App\Controllers\Auth))
 6 SYSTEMPATH/CodeIgniter.php(355): CodeIgniter\CodeIgniter->handleRequest(null, Object(Config\Cache), false)
 7 SYSTEMPATH/Boot.php(334): CodeIgniter\CodeIgniter->run()
 8 SYSTEMPATH/Boot.php(67): CodeIgniter\Boot::runCodeIgniter(Object(CodeIgniter\CodeIgniter))
 9 FCPATH/index.php(56): CodeIgniter\Boot::bootWeb(Object(Config\Paths))
10 SYSTEMPATH/rewrite.php(44): require_once('/Users/user/Downloads/codeigniter4-framework-v4.5.7-0-gf253839/codeigniter4-framework-f253839/public/index.php')
ERROR - 2025-01-14 13:31:36 --> Error connecting to the database: mysqli_sql_exception: No such file or directory in /Users/user/Downloads/codeigniter4-framework-v4.5.7-0-gf253839/codeigniter4-framework-f253839/system/Database/MySQLi/Connection.php:186
Stack trace:
#0 /Users/user/Downloads/codeigniter4-framework-v4.5.7-0-gf253839/codeigniter4-framework-f253839/system/Database/MySQLi/Connection.php(186): mysqli->real_connect('localhost', '', Object(SensitiveParameterValue), '', 3306, '', 0)
#1 /Users/user/Downloads/codeigniter4-framework-v4.5.7-0-gf253839/codeigniter4-framework-f253839/system/Database/BaseConnection.php(421): CodeIgniter\Database\MySQLi\Connection->connect(false)
#2 /Users/user/Downloads/codeigniter4-framework-v4.5.7-0-gf253839/codeigniter4-framework-f253839/system/Database/BaseConnection.php(616): CodeIgniter\Database\BaseConnection->initialize()
#3 /Users/user/Downloads/codeigniter4-framework-v4.5.7-0-gf253839/codeigniter4-framework-f253839/system/Database/BaseConnection.php(1487): CodeIgniter\Database\BaseConnection->query('SHOW TABLES FRO...')
#4 /Users/user/Downloads/codeigniter4-framework-v4.5.7-0-gf253839/codeigniter4-framework-f253839/system/Database/BaseConnection.php(1507): CodeIgniter\Database\BaseConnection->listTables()
#5 /Users/user/Downloads/codeigniter4-framework-v4.5.7-0-gf253839/codeigniter4-framework-f253839/system/Database/MigrationRunner.php(758): CodeIgniter\Database\BaseConnection->tableExists('migrations')
#6 /Users/user/Downloads/codeigniter4-framework-v4.5.7-0-gf253839/codeigniter4-framework-f253839/system/Database/MigrationRunner.php(162): CodeIgniter\Database\MigrationRunner->ensureTable()
#7 /Users/user/Downloads/codeigniter4-framework-v4.5.7-0-gf253839/codeigniter4-framework-f253839/system/Commands/Database/Migrate.php(85): CodeIgniter\Database\MigrationRunner->latest(NULL)
#8 /Users/user/Downloads/codeigniter4-framework-v4.5.7-0-gf253839/codeigniter4-framework-f253839/system/CLI/Commands.php(70): CodeIgniter\Commands\Database\Migrate->run(Array)
#9 /Users/user/Downloads/codeigniter4-framework-v4.5.7-0-gf253839/codeigniter4-framework-f253839/system/CLI/Console.php(48): CodeIgniter\CLI\Commands->run('migrate', Array)
#10 /Users/user/Downloads/codeigniter4-framework-v4.5.7-0-gf253839/codeigniter4-framework-f253839/system/Boot.php(360): CodeIgniter\CLI\Console->run()
#11 /Users/user/Downloads/codeigniter4-framework-v4.5.7-0-gf253839/codeigniter4-framework-f253839/system/Boot.php(104): CodeIgniter\Boot::runCommand(Object(CodeIgniter\CLI\Console))
#12 /Users/user/Downloads/codeigniter4-framework-v4.5.7-0-gf253839/codeigniter4-framework-f253839/spark(84): CodeIgniter\Boot::bootSpark(Object(Config\Paths))
#13 {main}

Next CodeIgniter\Database\Exceptions\DatabaseException: No such file or directory in /Users/user/Downloads/codeigniter4-framework-v4.5.7-0-gf253839/codeigniter4-framework-f253839/system/Database/MySQLi/Connection.php:231
Stack trace:
#0 /Users/user/Downloads/codeigniter4-framework-v4.5.7-0-gf253839/codeigniter4-framework-f253839/system/Database/BaseConnection.php(421): CodeIgniter\Database\MySQLi\Connection->connect(false)
#1 /Users/user/Downloads/codeigniter4-framework-v4.5.7-0-gf253839/codeigniter4-framework-f253839/system/Database/BaseConnection.php(616): CodeIgniter\Database\BaseConnection->initialize()
#2 /Users/user/Downloads/codeigniter4-framework-v4.5.7-0-gf253839/codeigniter4-framework-f253839/system/Database/BaseConnection.php(1487): CodeIgniter\Database\BaseConnection->query('SHOW TABLES FRO...')
#3 /Users/user/Downloads/codeigniter4-framework-v4.5.7-0-gf253839/codeigniter4-framework-f253839/system/Database/BaseConnection.php(1507): CodeIgniter\Database\BaseConnection->listTables()
#4 /Users/user/Downloads/codeigniter4-framework-v4.5.7-0-gf253839/codeigniter4-framework-f253839/system/Database/MigrationRunner.php(758): CodeIgniter\Database\BaseConnection->tableExists('migrations')
#5 /Users/user/Downloads/codeigniter4-framework-v4.5.7-0-gf253839/codeigniter4-framework-f253839/system/Database/MigrationRunner.php(162): CodeIgniter\Database\MigrationRunner->ensureTable()
#6 /Users/user/Downloads/codeigniter4-framework-v4.5.7-0-gf253839/codeigniter4-framework-f253839/system/Commands/Database/Migrate.php(85): CodeIgniter\Database\MigrationRunner->latest(NULL)
#7 /Users/user/Downloads/codeigniter4-framework-v4.5.7-0-gf253839/codeigniter4-framework-f253839/system/CLI/Commands.php(70): CodeIgniter\Commands\Database\Migrate->run(Array)
#8 /Users/user/Downloads/codeigniter4-framework-v4.5.7-0-gf253839/codeigniter4-framework-f253839/system/CLI/Console.php(48): CodeIgniter\CLI\Commands->run('migrate', Array)
#9 /Users/user/Downloads/codeigniter4-framework-v4.5.7-0-gf253839/codeigniter4-framework-f253839/system/Boot.php(360): CodeIgniter\CLI\Console->run()
#10 /Users/user/Downloads/codeigniter4-framework-v4.5.7-0-gf253839/codeigniter4-framework-f253839/system/Boot.php(104): CodeIgniter\Boot::runCommand(Object(CodeIgniter\CLI\Console))
#11 /Users/user/Downloads/codeigniter4-framework-v4.5.7-0-gf253839/codeigniter4-framework-f253839/spark(84): CodeIgniter\Boot::bootSpark(Object(Config\Paths))
#12 {main}
ERROR - 2025-01-14 13:32:13 --> Error connecting to the database: mysqli_sql_exception: No such file or directory in /Users/user/Downloads/codeigniter4-framework-v4.5.7-0-gf253839/codeigniter4-framework-f253839/system/Database/MySQLi/Connection.php:186
Stack trace:
#0 /Users/user/Downloads/codeigniter4-framework-v4.5.7-0-gf253839/codeigniter4-framework-f253839/system/Database/MySQLi/Connection.php(186): mysqli->real_connect('localhost', 'root', Object(SensitiveParameterValue), 'db_pos', 3306, '', 0)
#1 /Users/user/Downloads/codeigniter4-framework-v4.5.7-0-gf253839/codeigniter4-framework-f253839/system/Database/BaseConnection.php(421): CodeIgniter\Database\MySQLi\Connection->connect(false)
#2 /Users/user/Downloads/codeigniter4-framework-v4.5.7-0-gf253839/codeigniter4-framework-f253839/system/Database/BaseConnection.php(616): CodeIgniter\Database\BaseConnection->initialize()
#3 /Users/user/Downloads/codeigniter4-framework-v4.5.7-0-gf253839/codeigniter4-framework-f253839/system/Database/BaseConnection.php(1487): CodeIgniter\Database\BaseConnection->query('SHOW TABLES FRO...')
#4 /Users/user/Downloads/codeigniter4-framework-v4.5.7-0-gf253839/codeigniter4-framework-f253839/system/Database/BaseConnection.php(1507): CodeIgniter\Database\BaseConnection->listTables()
#5 /Users/user/Downloads/codeigniter4-framework-v4.5.7-0-gf253839/codeigniter4-framework-f253839/system/Database/MigrationRunner.php(758): CodeIgniter\Database\BaseConnection->tableExists('migrations')
#6 /Users/user/Downloads/codeigniter4-framework-v4.5.7-0-gf253839/codeigniter4-framework-f253839/system/Database/MigrationRunner.php(162): CodeIgniter\Database\MigrationRunner->ensureTable()
#7 /Users/user/Downloads/codeigniter4-framework-v4.5.7-0-gf253839/codeigniter4-framework-f253839/system/Commands/Database/Migrate.php(85): CodeIgniter\Database\MigrationRunner->latest(NULL)
#8 /Users/user/Downloads/codeigniter4-framework-v4.5.7-0-gf253839/codeigniter4-framework-f253839/system/CLI/Commands.php(70): CodeIgniter\Commands\Database\Migrate->run(Array)
#9 /Users/user/Downloads/codeigniter4-framework-v4.5.7-0-gf253839/codeigniter4-framework-f253839/system/CLI/Console.php(48): CodeIgniter\CLI\Commands->run('migrate', Array)
#10 /Users/user/Downloads/codeigniter4-framework-v4.5.7-0-gf253839/codeigniter4-framework-f253839/system/Boot.php(360): CodeIgniter\CLI\Console->run()
#11 /Users/user/Downloads/codeigniter4-framework-v4.5.7-0-gf253839/codeigniter4-framework-f253839/system/Boot.php(104): CodeIgniter\Boot::runCommand(Object(CodeIgniter\CLI\Console))
#12 /Users/user/Downloads/codeigniter4-framework-v4.5.7-0-gf253839/codeigniter4-framework-f253839/spark(84): CodeIgniter\Boot::bootSpark(Object(Config\Paths))
#13 {main}

Next CodeIgniter\Database\Exceptions\DatabaseException: No such file or directory in /Users/user/Downloads/codeigniter4-framework-v4.5.7-0-gf253839/codeigniter4-framework-f253839/system/Database/MySQLi/Connection.php:231
Stack trace:
#0 /Users/user/Downloads/codeigniter4-framework-v4.5.7-0-gf253839/codeigniter4-framework-f253839/system/Database/BaseConnection.php(421): CodeIgniter\Database\MySQLi\Connection->connect(false)
#1 /Users/user/Downloads/codeigniter4-framework-v4.5.7-0-gf253839/codeigniter4-framework-f253839/system/Database/BaseConnection.php(616): CodeIgniter\Database\BaseConnection->initialize()
#2 /Users/user/Downloads/codeigniter4-framework-v4.5.7-0-gf253839/codeigniter4-framework-f253839/system/Database/BaseConnection.php(1487): CodeIgniter\Database\BaseConnection->query('SHOW TABLES FRO...')
#3 /Users/user/Downloads/codeigniter4-framework-v4.5.7-0-gf253839/codeigniter4-framework-f253839/system/Database/BaseConnection.php(1507): CodeIgniter\Database\BaseConnection->listTables()
#4 /Users/user/Downloads/codeigniter4-framework-v4.5.7-0-gf253839/codeigniter4-framework-f253839/system/Database/MigrationRunner.php(758): CodeIgniter\Database\BaseConnection->tableExists('migrations')
#5 /Users/user/Downloads/codeigniter4-framework-v4.5.7-0-gf253839/codeigniter4-framework-f253839/system/Database/MigrationRunner.php(162): CodeIgniter\Database\MigrationRunner->ensureTable()
#6 /Users/user/Downloads/codeigniter4-framework-v4.5.7-0-gf253839/codeigniter4-framework-f253839/system/Commands/Database/Migrate.php(85): CodeIgniter\Database\MigrationRunner->latest(NULL)
#7 /Users/user/Downloads/codeigniter4-framework-v4.5.7-0-gf253839/codeigniter4-framework-f253839/system/CLI/Commands.php(70): CodeIgniter\Commands\Database\Migrate->run(Array)
#8 /Users/user/Downloads/codeigniter4-framework-v4.5.7-0-gf253839/codeigniter4-framework-f253839/system/CLI/Console.php(48): CodeIgniter\CLI\Commands->run('migrate', Array)
#9 /Users/user/Downloads/codeigniter4-framework-v4.5.7-0-gf253839/codeigniter4-framework-f253839/system/Boot.php(360): CodeIgniter\CLI\Console->run()
#10 /Users/user/Downloads/codeigniter4-framework-v4.5.7-0-gf253839/codeigniter4-framework-f253839/system/Boot.php(104): CodeIgniter\Boot::runCommand(Object(CodeIgniter\CLI\Console))
#11 /Users/user/Downloads/codeigniter4-framework-v4.5.7-0-gf253839/codeigniter4-framework-f253839/spark(84): CodeIgniter\Boot::bootSpark(Object(Config\Paths))
#12 {main}
ERROR - 2025-01-14 13:33:56 --> Error connecting to the database: mysqli_sql_exception: No such file or directory in /Users/user/Downloads/codeigniter4-framework-v4.5.7-0-gf253839/codeigniter4-framework-f253839/system/Database/MySQLi/Connection.php:186
Stack trace:
#0 /Users/user/Downloads/codeigniter4-framework-v4.5.7-0-gf253839/codeigniter4-framework-f253839/system/Database/MySQLi/Connection.php(186): mysqli->real_connect('localhost', 'root', Object(SensitiveParameterValue), 'db_pos', 3306, '', 0)
#1 /Users/user/Downloads/codeigniter4-framework-v4.5.7-0-gf253839/codeigniter4-framework-f253839/system/Database/BaseConnection.php(421): CodeIgniter\Database\MySQLi\Connection->connect(false)
#2 /Users/user/Downloads/codeigniter4-framework-v4.5.7-0-gf253839/codeigniter4-framework-f253839/system/Database/BaseConnection.php(616): CodeIgniter\Database\BaseConnection->initialize()
#3 /Users/user/Downloads/codeigniter4-framework-v4.5.7-0-gf253839/codeigniter4-framework-f253839/system/Database/BaseConnection.php(1487): CodeIgniter\Database\BaseConnection->query('SHOW TABLES FRO...')
#4 /Users/user/Downloads/codeigniter4-framework-v4.5.7-0-gf253839/codeigniter4-framework-f253839/system/Database/BaseConnection.php(1507): CodeIgniter\Database\BaseConnection->listTables()
#5 /Users/user/Downloads/codeigniter4-framework-v4.5.7-0-gf253839/codeigniter4-framework-f253839/system/Database/MigrationRunner.php(758): CodeIgniter\Database\BaseConnection->tableExists('migrations')
#6 /Users/user/Downloads/codeigniter4-framework-v4.5.7-0-gf253839/codeigniter4-framework-f253839/system/Database/MigrationRunner.php(162): CodeIgniter\Database\MigrationRunner->ensureTable()
#7 /Users/user/Downloads/codeigniter4-framework-v4.5.7-0-gf253839/codeigniter4-framework-f253839/system/Commands/Database/Migrate.php(85): CodeIgniter\Database\MigrationRunner->latest(NULL)
#8 /Users/user/Downloads/codeigniter4-framework-v4.5.7-0-gf253839/codeigniter4-framework-f253839/system/CLI/Commands.php(70): CodeIgniter\Commands\Database\Migrate->run(Array)
#9 /Users/user/Downloads/codeigniter4-framework-v4.5.7-0-gf253839/codeigniter4-framework-f253839/system/CLI/Console.php(48): CodeIgniter\CLI\Commands->run('migrate', Array)
#10 /Users/user/Downloads/codeigniter4-framework-v4.5.7-0-gf253839/codeigniter4-framework-f253839/system/Boot.php(360): CodeIgniter\CLI\Console->run()
#11 /Users/user/Downloads/codeigniter4-framework-v4.5.7-0-gf253839/codeigniter4-framework-f253839/system/Boot.php(104): CodeIgniter\Boot::runCommand(Object(CodeIgniter\CLI\Console))
#12 /Users/user/Downloads/codeigniter4-framework-v4.5.7-0-gf253839/codeigniter4-framework-f253839/spark(84): CodeIgniter\Boot::bootSpark(Object(Config\Paths))
#13 {main}

Next CodeIgniter\Database\Exceptions\DatabaseException: No such file or directory in /Users/user/Downloads/codeigniter4-framework-v4.5.7-0-gf253839/codeigniter4-framework-f253839/system/Database/MySQLi/Connection.php:231
Stack trace:
#0 /Users/user/Downloads/codeigniter4-framework-v4.5.7-0-gf253839/codeigniter4-framework-f253839/system/Database/BaseConnection.php(421): CodeIgniter\Database\MySQLi\Connection->connect(false)
#1 /Users/user/Downloads/codeigniter4-framework-v4.5.7-0-gf253839/codeigniter4-framework-f253839/system/Database/BaseConnection.php(616): CodeIgniter\Database\BaseConnection->initialize()
#2 /Users/user/Downloads/codeigniter4-framework-v4.5.7-0-gf253839/codeigniter4-framework-f253839/system/Database/BaseConnection.php(1487): CodeIgniter\Database\BaseConnection->query('SHOW TABLES FRO...')
#3 /Users/user/Downloads/codeigniter4-framework-v4.5.7-0-gf253839/codeigniter4-framework-f253839/system/Database/BaseConnection.php(1507): CodeIgniter\Database\BaseConnection->listTables()
#4 /Users/user/Downloads/codeigniter4-framework-v4.5.7-0-gf253839/codeigniter4-framework-f253839/system/Database/MigrationRunner.php(758): CodeIgniter\Database\BaseConnection->tableExists('migrations')
#5 /Users/user/Downloads/codeigniter4-framework-v4.5.7-0-gf253839/codeigniter4-framework-f253839/system/Database/MigrationRunner.php(162): CodeIgniter\Database\MigrationRunner->ensureTable()
#6 /Users/user/Downloads/codeigniter4-framework-v4.5.7-0-gf253839/codeigniter4-framework-f253839/system/Commands/Database/Migrate.php(85): CodeIgniter\Database\MigrationRunner->latest(NULL)
#7 /Users/user/Downloads/codeigniter4-framework-v4.5.7-0-gf253839/codeigniter4-framework-f253839/system/CLI/Commands.php(70): CodeIgniter\Commands\Database\Migrate->run(Array)
#8 /Users/user/Downloads/codeigniter4-framework-v4.5.7-0-gf253839/codeigniter4-framework-f253839/system/CLI/Console.php(48): CodeIgniter\CLI\Commands->run('migrate', Array)
#9 /Users/user/Downloads/codeigniter4-framework-v4.5.7-0-gf253839/codeigniter4-framework-f253839/system/Boot.php(360): CodeIgniter\CLI\Console->run()
#10 /Users/user/Downloads/codeigniter4-framework-v4.5.7-0-gf253839/codeigniter4-framework-f253839/system/Boot.php(104): CodeIgniter\Boot::runCommand(Object(CodeIgniter\CLI\Console))
#11 /Users/user/Downloads/codeigniter4-framework-v4.5.7-0-gf253839/codeigniter4-framework-f253839/spark(84): CodeIgniter\Boot::bootSpark(Object(Config\Paths))
#12 {main}
